0 info it worked if it ends with ok
1 verbose cli [ '/home/roger/NodeProjects/V8/node/dist/bin/node',
1 verbose cli   '/home/roger/NodeProjects/V8/node/dist/bin/npm',
1 verbose cli   'adduser',
1 verbose cli   '--nodedir=/home/roger/NodeProjects/V8/node' ]
2 info using npm@1.4.28
3 info using node@v0.13.0-pre
4 verbose adduser before first PUT { name: 'rimmartin',
4 verbose adduser   password: 'XXXXX',
4 verbose adduser   email: 'mathmldashx@yahoo.com',
4 verbose adduser   _id: 'org.couchdb.user:rimmartin',
4 verbose adduser   type: 'user',
4 verbose adduser   roles: [],
4 verbose adduser   date: '2014-11-19T18:18:04.816Z' }
5 verbose request where is /-/user/org.couchdb.user:rimmartin
6 verbose request registry https://registry.npmjs.org/
7 verbose request id 8f1b7493a65ce91c
8 verbose url raw /-/user/org.couchdb.user:rimmartin
9 verbose url resolving [ 'https://registry.npmjs.org/',
9 verbose url resolving   './-/user/org.couchdb.user:rimmartin' ]
10 verbose url resolved https://registry.npmjs.org/-/user/org.couchdb.user:rimmartin
11 verbose request where is https://registry.npmjs.org/-/user/org.couchdb.user:rimmartin
12 info trying registry request attempt 1 at 1:18:04 PM
13 http PUT https://registry.npmjs.org/-/user/org.couchdb.user:rimmartin
14 http 409 https://registry.npmjs.org/-/user/org.couchdb.user:rimmartin
15 verbose headers { date: 'Wed, 19 Nov 2014 18:18:05 GMT',
15 verbose headers   server: 'CouchDB/1.5.0 (Erlang OTP/R16B03)',
15 verbose headers   'content-type': 'application/json',
15 verbose headers   'cache-control': 'max-age=60',
15 verbose headers   'content-length': '58',
15 verbose headers   'accept-ranges': 'bytes',
15 verbose headers   via: '1.1 varnish',
15 verbose headers   'x-served-by': 'cache-jfk1022-JFK',
15 verbose headers   'x-cache': 'MISS',
15 verbose headers   'x-cache-hits': '0',
15 verbose headers   'x-timer': 'S1416421085.179000,VS0,VE313',
15 verbose headers   connection: 'close' }
16 verbose adduser update existing user
17 verbose request where is /-/user/org.couchdb.user:rimmartin?write=true
18 verbose request registry https://registry.npmjs.org/
19 verbose url raw /-/user/org.couchdb.user:rimmartin?write=true
20 verbose url resolving [ 'https://registry.npmjs.org/',
20 verbose url resolving   './-/user/org.couchdb.user:rimmartin?write=true' ]
21 verbose url resolved https://registry.npmjs.org/-/user/org.couchdb.user:rimmartin?write=true
22 verbose request where is https://registry.npmjs.org/-/user/org.couchdb.user:rimmartin?write=true
23 info trying registry request attempt 1 at 1:18:05 PM
24 http GET https://registry.npmjs.org/-/user/org.couchdb.user:rimmartin?write=true
25 http 200 https://registry.npmjs.org/-/user/org.couchdb.user:rimmartin?write=true
26 verbose adduser userobj { name: 'rimmartin',
26 verbose adduser   password: 'XXXXX',
26 verbose adduser   email: 'mathmldashx@yahoo.com',
26 verbose adduser   _id: 'org.couchdb.user:rimmartin',
26 verbose adduser   type: 'user',
26 verbose adduser   roles: [],
26 verbose adduser   date: '2014-11-19T18:18:04.816Z' }
27 verbose request where is /-/user/org.couchdb.user:rimmartin/-rev/2-7f6671b97cd68156bd2a46bb6545c598
28 verbose request registry https://registry.npmjs.org/
29 verbose url raw /-/user/org.couchdb.user:rimmartin/-rev/2-7f6671b97cd68156bd2a46bb6545c598
30 verbose url resolving [ 'https://registry.npmjs.org/',
30 verbose url resolving   './-/user/org.couchdb.user:rimmartin/-rev/2-7f6671b97cd68156bd2a46bb6545c598' ]
31 verbose url resolved https://registry.npmjs.org/-/user/org.couchdb.user:rimmartin/-rev/2-7f6671b97cd68156bd2a46bb6545c598
32 verbose request where is https://registry.npmjs.org/-/user/org.couchdb.user:rimmartin/-rev/2-7f6671b97cd68156bd2a46bb6545c598
33 info trying registry request attempt 1 at 1:18:05 PM
34 http PUT https://registry.npmjs.org/-/user/org.couchdb.user:rimmartin/-rev/2-7f6671b97cd68156bd2a46bb6545c598
35 http 401 https://registry.npmjs.org/-/user/org.couchdb.user:rimmartin/-rev/2-7f6671b97cd68156bd2a46bb6545c598
36 verbose headers { date: 'Wed, 19 Nov 2014 18:18:06 GMT',
36 verbose headers   server: 'CouchDB/1.5.0 (Erlang OTP/R16B03)',
36 verbose headers   'content-type': 'application/json',
36 verbose headers   'cache-control': 'max-age=60',
36 verbose headers   'content-length': '67',
36 verbose headers   'accept-ranges': 'bytes',
36 verbose headers   via: '1.1 varnish',
36 verbose headers   'x-served-by': 'cache-jfk1022-JFK',
36 verbose headers   'x-cache': 'MISS',
36 verbose headers   'x-cache-hits': '0',
36 verbose headers   'x-timer': 'S1416421086.197399,VS0,VE77',
36 verbose headers   connection: 'close' }
37 verbose adduser back [ [Error: unauthorized Name or password is incorrect.: -/user/org.couchdb.user:rimmartin/-rev/2-7f6671b97cd68156bd2a46bb6545c598],
37 verbose adduser   { error: 'unauthorized',
37 verbose adduser     reason: 'Name or password is incorrect.' },
37 verbose adduser   '{"error":"unauthorized","reason":"Name or password is incorrect."}' ]
38 warn adduser Incorrect username or password
38 warn adduser You can reset your account by visiting:
38 warn adduser
38 warn adduser     https://npmjs.org/forgot
39 error Error: unauthorized Name or password is incorrect.: -/user/org.couchdb.user:rimmartin/-rev/2-7f6671b97cd68156bd2a46bb6545c598
39 error     at RegClient.<anonymous> (/home/roger/NodeProjects/V8/node/dist/lib/node_modules/npm/node_modules/npm-registry-client/lib/request.js:308:14)
39 error     at Request._callback (/home/roger/NodeProjects/V8/node/dist/lib/node_modules/npm/node_modules/npm-registry-client/lib/request.js:246:65)
39 error     at Request.self.callback (/home/roger/NodeProjects/V8/node/dist/lib/node_modules/npm/node_modules/request/request.js:236:22)
39 error     at Request.emit (events.js:110:17)
39 error     at Request.<anonymous> (/home/roger/NodeProjects/V8/node/dist/lib/node_modules/npm/node_modules/request/request.js:1142:14)
39 error     at Request.emit (events.js:129:20)
39 error     at IncomingMessage.<anonymous> (/home/roger/NodeProjects/V8/node/dist/lib/node_modules/npm/node_modules/request/request.js:1096:12)
39 error     at IncomingMessage.emit (events.js:129:20)
39 error     at _stream_readable.js:907:16
39 error     at process._tickCallback (node.js:343:11)
40 error If you need help, you may report this *entire* log,
40 error including the npm and node versions, at:
40 error     <http://github.com/npm/npm/issues>
41 error System Linux 3.13.0-39-generic
42 error command "/home/roger/NodeProjects/V8/node/dist/bin/node" "/home/roger/NodeProjects/V8/node/dist/bin/npm" "adduser" "--nodedir=/home/roger/NodeProjects/V8/node"
43 error cwd /home/roger/NodeProjects/hdf5.node
44 error node -v v0.13.0-pre
45 error npm -v 1.4.28
46 verbose exit [ 1, true ]
